{
  "0 debug pnpm:scope": {
    "selected": 1
  },
  "1 info pnpm": {
    "err": {
      "name": "Error",
      "message": "not found: dev",
      "code": "ENOENT",
      "stack": "Error: not found: dev\n    at getNotFoundError (/opt/homebrew/Cellar/pnpm/6.32.6/libexec/lib/node_modules/pnpm/dist/pnpm.cjs:41595:51)\n    at Function.whichSync [as sync] (/opt/homebrew/Cellar/pnpm/6.32.6/libexec/lib/node_modules/pnpm/dist/pnpm.cjs:41672:13)\n    at getCommandAbsolutePathSync (/opt/homebrew/Cellar/pnpm/6.32.6/libexec/lib/node_modules/pnpm/dist/pnpm.cjs:43237:44)\n    at default_1 (/opt/homebrew/Cellar/pnpm/6.32.6/libexec/lib/node_modules/pnpm/dist/pnpm.cjs:43246:32)\n    at /opt/homebrew/Cellar/pnpm/6.32.6/libexec/lib/node_modules/pnpm/dist/pnpm.cjs:178233:39"
    }
  },
  "2 error pnpm": {
    "code": "ERR_PNPM_RECURSIVE_EXEC_FIRST_FAIL",
    "prefix": "/Users/dpouris/Documents/Libraries/Example",
    "err": {
      "name": "pnpm",
      "message": "not found: dev",
      "code": "ERR_PNPM_RECURSIVE_EXEC_FIRST_FAIL",
      "stack": "Error: not found: dev\n    at getNotFoundError (/opt/homebrew/Cellar/pnpm/6.32.6/libexec/lib/node_modules/pnpm/dist/pnpm.cjs:41595:51)\n    at Function.whichSync [as sync] (/opt/homebrew/Cellar/pnpm/6.32.6/libexec/lib/node_modules/pnpm/dist/pnpm.cjs:41672:13)\n    at getCommandAbsolutePathSync (/opt/homebrew/Cellar/pnpm/6.32.6/libexec/lib/node_modules/pnpm/dist/pnpm.cjs:43237:44)\n    at default_1 (/opt/homebrew/Cellar/pnpm/6.32.6/libexec/lib/node_modules/pnpm/dist/pnpm.cjs:43246:32)\n    at /opt/homebrew/Cellar/pnpm/6.32.6/libexec/lib/node_modules/pnpm/dist/pnpm.cjs:178233:39"
    }
  }
}